This is pdfTeX, Version 3.141592653-2.6-1.40.25 (TeX Live 2023/Arch Linux) (preloaded format=pdflatex 2024.1.29)  26 APR 2024 16:06
entering extended mode
 \write18 enabled.
 file:line:error style messages enabled.
 %&-line parsing enabled.
**abstract.tex
(./abstract.tex
LaTeX2e <2022-11-01> patch level 1
L3 programming layer <2023-02-22> (/usr/share/texmf-dist/tex/latex/base/article.cls
Document Class: article 2022/07/02 v1.4n Standard LaTeX document class
(/usr/share/texmf-dist/tex/latex/base/size10.clo
File: size10.clo 2022/07/02 v1.4n Standard LaTeX file (size option)
)
\c@part=\count185
\c@section=\count186
\c@subsection=\count187
\c@subsubsection=\count188
\c@paragraph=\count189
\c@subparagraph=\count190
\c@figure=\count191
\c@table=\count192
\abovecaptionskip=\skip48
\belowcaptionskip=\skip49
\bibindent=\dimen140
) (/usr/share/texmf-dist/tex/latex/preprint/authblk.sty
Package: authblk 2001/02/27 1.3 (PWD)
\affilsep=\skip50
\@affilsep=\skip51
\c@Maxaffil=\count193
\c@authors=\count194
\c@affil=\count195
) (/usr/share/texmf-dist/tex/latex/graphics/graphicx.sty
Package: graphicx 2021/09/16 v1.2d Enhanced LaTeX Graphics (DPC,SPQR)
 (/usr/share/texmf-dist/tex/latex/graphics/keyval.sty
Package: keyval 2022/05/29 v1.15 key=value parser (DPC)
\KV@toks@=\toks16
) (/usr/share/texmf-dist/tex/latex/graphics/graphics.sty
Package: graphics 2022/03/10 v1.4e Standard LaTeX Graphics (DPC,SPQR)
 (/usr/share/texmf-dist/tex/latex/graphics/trig.sty
Package: trig 2021/08/11 v1.11 sin cos tan (DPC)
) (/usr/share/texmf-dist/tex/latex/graphics-cfg/graphics.cfg
File: graphics.cfg 2016/06/04 v1.11 sample graphics configuration
)
Package graphics Info: Driver file: pdftex.def on input line 107.
 (/usr/share/texmf-dist/tex/latex/graphics-def/pdftex.def
File: pdftex.def 2022/09/22 v1.2b Graphics/color driver for pdftex
))
\Gin@req@height=\dimen141
\Gin@req@width=\dimen142
) (/usr/share/texmf-dist/tex/latex/amsmath/amsmath.sty
Package: amsmath 2022/04/08 v2.17n AMS math features
\@mathmargin=\skip52

For additional information on amsmath, use the `?' option.
(/usr/share/texmf-dist/tex/latex/amsmath/amstext.sty
Package: amstext 2021/08/26 v2.01 AMS text
 (/usr/share/texmf-dist/tex/latex/amsmath/amsgen.sty
File: amsgen.sty 1999/11/30 v2.0 generic functions
\@emptytoks=\toks17
\ex@=\dimen143
)) (/usr/share/texmf-dist/tex/latex/amsmath/amsbsy.sty
Package: amsbsy 1999/11/29 v1.2d Bold Symbols
\pmbraise@=\dimen144
) (/usr/share/texmf-dist/tex/latex/amsmath/amsopn.sty
Package: amsopn 2022/04/08 v2.04 operator names
)
\inf@bad=\count196
LaTeX Info: Redefining \frac on input line 234.
\uproot@=\count197
\leftroot@=\count198
LaTeX Info: Redefining \overline on input line 399.
LaTeX Info: Redefining \colon on input line 410.
\classnum@=\count199
\DOTSCASE@=\count266
LaTeX Info: Redefining \ldots on input line 496.
LaTeX Info: Redefining \dots on input line 499.
LaTeX Info: Redefining \cdots on input line 620.
\Mathstrutbox@=\box51
\strutbox@=\box52
LaTeX Info: Redefining \big on input line 722.
LaTeX Info: Redefining \Big on input line 723.
LaTeX Info: Redefining \bigg on input line 724.
LaTeX Info: Redefining \Bigg on input line 725.
\big@size=\dimen145
LaTeX Font Info:    Redeclaring font encoding OML on input line 743.
LaTeX Font Info:    Redeclaring font encoding OMS on input line 744.
\macc@depth=\count267
LaTeX Info: Redefining \bmod on input line 905.
LaTeX Info: Redefining \pmod on input line 910.
LaTeX Info: Redefining \smash on input line 940.
LaTeX Info: Redefining \relbar on input line 970.
LaTeX Info: Redefining \Relbar on input line 971.
\c@MaxMatrixCols=\count268
\dotsspace@=\muskip16
\c@parentequation=\count269
\dspbrk@lvl=\count270
\tag@help=\toks18
\row@=\count271
\column@=\count272
\maxfields@=\count273
\andhelp@=\toks19
\eqnshift@=\dimen146
\alignsep@=\dimen147
\tagshift@=\dimen148
\tagwidth@=\dimen149
\totwidth@=\dimen150
\lineht@=\dimen151
\@envbody=\toks20
\multlinegap=\skip53
\multlinetaggap=\skip54
\mathdisplay@stack=\toks21
LaTeX Info: Redefining \[ on input line 2953.
LaTeX Info: Redefining \] on input line 2954.
) (/usr/share/texmf-dist/tex/latex/geometry/geometry.sty
Package: geometry 2020/01/02 v5.9 Page Geometry
 (/usr/share/texmf-dist/tex/generic/iftex/ifvtex.sty
Package: ifvtex 2019/10/25 v1.7 ifvtex legacy package. Use iftex instead.
 (/usr/share/texmf-dist/tex/generic/iftex/iftex.sty
Package: iftex 2022/02/03 v1.0f TeX engine tests
))
\Gm@cnth=\count274
\Gm@cntv=\count275
\c@Gm@tempcnt=\count276
\Gm@bindingoffset=\dimen152
\Gm@wd@mp=\dimen153
\Gm@odd@mp=\dimen154
\Gm@even@mp=\dimen155
\Gm@layoutwidth=\dimen156
\Gm@layoutheight=\dimen157
\Gm@layouthoffset=\dimen158
\Gm@layoutvoffset=\dimen159
\Gm@dimlist=\toks22
) (/usr/share/texmf-dist/tex/latex/l3backend/l3backend-pdftex.def
File: l3backend-pdftex.def 2023-01-16 L3 backend support: PDF output (pdfTeX)
\l__color_backend_stack_int=\count277
\l__pdf_internal_box=\box53
) (./abstract.aux)
\openout1 = `abstract.aux'.

LaTeX Font Info:    Checking defaults for OML/cmm/m/it on input line 16.
LaTeX Font Info:    ... okay on input line 16.
LaTeX Font Info:    Checking defaults for OMS/cmsy/m/n on input line 16.
LaTeX Font Info:    ... okay on input line 16.
LaTeX Font Info:    Checking defaults for OT1/cmr/m/n on input line 16.
LaTeX Font Info:    ... okay on input line 16.
LaTeX Font Info:    Checking defaults for T1/cmr/m/n on input line 16.
LaTeX Font Info:    ... okay on input line 16.
LaTeX Font Info:    Checking defaults for TS1/cmr/m/n on input line 16.
LaTeX Font Info:    ... okay on input line 16.
LaTeX Font Info:    Checking defaults for OMX/cmex/m/n on input line 16.
LaTeX Font Info:    ... okay on input line 16.
LaTeX Font Info:    Checking defaults for U/cmr/m/n on input line 16.
LaTeX Font Info:    ... okay on input line 16.
 (/usr/share/texmf-dist/tex/context/base/mkii/supp-pdf.mkii
[Loading MPS to PDF converter (version 2006.09.02).]
\scratchcounter=\count278
\scratchdimen=\dimen160
\scratchbox=\box54
\nofMPsegments=\count279
\nofMParguments=\count280
\everyMPshowfont=\toks23
\MPscratchCnt=\count281
\MPscratchDim=\dimen161
\MPnumerator=\count282
\makeMPintoPDFobject=\count283
\everyMPtoPDFconversion=\toks24
) (/usr/share/texmf-dist/tex/latex/epstopdf-pkg/epstopdf-base.sty
Package: epstopdf-base 2020-01-24 v2.11 Base part for package epstopdf
Package epstopdf-base Info: Redefining graphics rule for `.eps' on input line 485.
 (/usr/share/texmf-dist/tex/latex/latexconfig/epstopdf-sys.cfg
File: epstopdf-sys.cfg 2010/07/13 v1.3 Configuration of (r)epstopdf for TeX Live
))
*geometry* driver: auto-detecting
*geometry* detected driver: pdftex
*geometry* verbose mode - [ preamble ] result:
* driver: pdftex
* paper: <default>
* layout: <same size as paper>
* layoutoffset:(h,v)=(0.0pt,0.0pt)
* bindingoffset: 14.22636pt
* modes: 
* h-part:(L,W,R)=(71.13188pt, 457.80487pt, 71.13188pt)
* v-part:(T,H,B)=(85.35826pt, 624.25346pt, 85.35826pt)
* \paperwidth=614.295pt
* \paperheight=794.96999pt
* \textwidth=457.80487pt
* \textheight=624.25346pt
* \oddsidemargin=13.08826pt
* \evensidemargin=-1.1381pt
* \topmargin=-23.91173pt
* \headheight=12.0pt
* \headsep=25.0pt
* \topskip=10.0pt
* \footskip=30.0pt
* \marginparwidth=65.0pt
* \marginparsep=11.0pt
* \columnsep=10.0pt
* \skip\footins=9.0pt plus 4.0pt minus 2.0pt
* \hoffset=0.0pt
* \voffset=0.0pt
* \mag=1000
* \@twocolumnfalse
* \@twosidefalse
* \@mparswitchfalse
* \@reversemarginfalse
* (1in=72.27pt=25.4mm, 1cm=28.453pt)



pdfTeX warning: pdflatex (file ./figures/Sample.pdf): PDF inclusion: found PDF version <1.6>, but at most version <1.5> allowed
<figures/Sample.pdf, id=1, 597.51233pt x 845.0471pt>
File: figures/Sample.pdf Graphic file (type pdf)
<use figures/Sample.pdf>
Package pdftex.def Info: figures/Sample.pdf  used on input line 41.
(pdftex.def)             Requested size: 106.81819pt x 151.07643pt.
<figures/mask.pdf, id=2, 845.1575pt x 597.23125pt>
File: figures/mask.pdf Graphic file (type pdf)
<use figures/mask.pdf>
Package pdftex.def Info: figures/mask.pdf  used on input line 42.
(pdftex.def)             Requested size: 213.79068pt x 151.07643pt.
[1

{/var/lib/texmf/fonts/map/pdftex/updmap/pdftex.map} <./figures/Sample.pdf> <./figures/Mask.pdf>]
<figures/NPA_example.pdf, id=40, 1319.65018pt x 703.90984pt>
File: figures/NPA_example.pdf Graphic file (type pdf)
<use figures/NPA_example.pdf>
Package pdftex.def Info: figures/NPA_example.pdf  used on input line 67.
(pdftex.def)             Requested size: 320.462pt x 170.92885pt.
 [2{/usr/share/texmf-dist/fonts/enc/dvips/cm-super/cm-super-ts1.enc} <./figures/NPA_example.pdf>] (./abstract.bbl
Underfull \hbox (badness 1533) in paragraph at lines 11--12
[]\OT1/cmr/m/n/10 Philipps V 2011 \OT1/cmr/m/it/10 Jour-nal of Nu-clear Ma-te-ri-als \OT1/cmr/bx/n/10 415 \OT1/cmr/m/n/10 S2--S9 ISSN 0022-3115 pro-ceed-ings of
 []


Underfull \hbox (badness 10000) in paragraph at lines 17--18
[]\OT1/cmr/m/n/10 Winter J 1996 \OT1/cmr/m/it/10 Plasma Physics and Con-trolled Fu-sion \OT1/cmr/bx/n/10 38 \OT1/cmr/m/n/10 1503 URL
 []


Underfull \hbox (badness 3942) in paragraph at lines 20--21
[]\OT1/cmr/m/n/10 The AS-DEX Team, The ICRH Team, The LH Team, The NI Team, Schnei-der U,
 []


Underfull \hbox (badness 1824) in paragraph at lines 20--21
\OT1/cmr/m/n/10 Poschen-rieder W, Bessenrodt-Weberpals M, Hof-mann J, Kallen-bach A, Krieger K, M^^?uller
 []


Underfull \hbox (badness 2096) in paragraph at lines 20--21
\OT1/cmr/m/n/10 E, Nie-der-meyer H, Ry-ter F, Roth J, S^^?oldner F, St^^?abler A, Steuer K, Vollmer O and
 []


Underfull \hbox (badness 4391) in paragraph at lines 20--21
\OT1/cmr/m/n/10 Wag-ner F 1990 \OT1/cmr/m/it/10 Jour-nal of Nu-clear Ma-te-ri-als \OT1/cmr/bx/n/10 176-177 \OT1/cmr/m/n/10 350--356 ISSN 0022-3115 URL
 []


Underfull \hbox (badness 10000) in paragraph at lines 29--30
[]\OT1/cmr/m/n/10 Winter J, Esser H, K^^?onen L, Philipps V, Reimer H, Seg-gern J, Schl^^?uter
 []


Underfull \hbox (badness 10000) in paragraph at lines 29--30
\OT1/cmr/m/n/10 J, Vi-et-zke E, Wael-broeck F, Wien-hold P, Banno T, Ringer D and Vep^^Trek
 []


Underfull \hbox (badness 10000) in paragraph at lines 29--30
\OT1/cmr/m/n/10 S 1989 \OT1/cmr/m/it/10 Jour-nal of Nu-clear Ma-te-ri-als \OT1/cmr/bx/n/10 162-164 \OT1/cmr/m/n/10 713--723 ISSN 0022-3115 URL
 []


Underfull \hbox (badness 10000) in paragraph at lines 32--33
[]\OT1/cmr/m/n/10 McCracken G and Stott P 1979 \OT1/cmr/m/it/10 Nu-clear Fu-sion \OT1/cmr/bx/n/10 19 \OT1/cmr/m/n/10 889 URL
 []


Overfull \hbox (41.44547pt too wide) in paragraph at lines 35--36
\OT1/cmtt/m/n/10 https://pubs.aip.org/aip/rsi/article-pdf/doi/10.1063/5.0033229/10050393/023506[]1[]online.pdf\OT1/cmr/m/n/10 )
 []

[3]
Underfull \hbox (badness 1675) in paragraph at lines 38--39
[]\OT1/cmr/m/n/10 Douai D, Kogut D, Wauters T, Brezin-sek S, Hage-laar G, Hong S, Lo-mas P, Lyssoivan
 []


Underfull \hbox (badness 6910) in paragraph at lines 38--39
\OT1/cmr/m/n/10 A, Nunes I, Pitts R, Ro-hde V and de Vries P 2015 \OT1/cmr/m/it/10 Jour-nal of Nu-clear Ma-te-
 []


Underfull \hbox (badness 10000) in paragraph at lines 38--39
\OT1/cmr/m/it/10 ri-als \OT1/cmr/bx/n/10 463 \OT1/cmr/m/n/10 150--156 ISSN 0022-3115 pLASMA-SURFACE IN-TER-AC-TIONS 21 URL
 []


Underfull \hbox (badness 6775) in paragraph at lines 41--42
[]\OT1/cmr/m/n/10 Drobny J T and Cur-reli D 2021 \OT1/cmr/m/it/10 Jour-nal of Open Source Soft-ware \OT1/cmr/bx/n/10 6 \OT1/cmr/m/n/10 3298 URL
 []


Underfull \hbox (badness 10000) in paragraph at lines 44--45
[]\OT1/cmr/m/n/10 Eckstein W 2013 \OT1/cmr/m/it/10 Com-puter Sim-u-la-tion of Ion-Solid In-ter-ac-tions \OT1/cmr/m/n/10 Springer Se-
 []


Underfull \hbox (badness 10000) in paragraph at lines 44--45
\OT1/cmr/m/n/10 ries in Ma-te-ri-als Sci-ence (Springer Berlin Hei-del-berg) ISBN 9783642735134 URL
 []

) [4] (./abstract.aux) ) 
Here is how much of TeX's memory you used:
 2748 strings out of 477985
 41850 string characters out of 5840058
 1860388 words of memory out of 5000000
 22934 multiletter control sequences out of 15000+600000
 520697 words of font info for 61 fonts, out of 8000000 for 9000
 14 hyphenation exceptions out of 8191
 57i,8n,62p,609b,309s stack positions out of 10000i,1000n,20000p,200000b,200000s
</usr/share/texmf-dist/fonts/type1/public/amsfonts/cm/cmbx10.pfb></usr/share/texmf-dist/fonts/type1/public/amsfonts/cm/cmbx12.pfb></usr/share/texmf-dist/fonts/type1/public/amsfonts/cm/cmex10.pfb></usr/share/texmf-dist/fonts/type1/public/amsfonts/cm/cmmi10.pfb></usr/share/texmf-dist/fonts/type1/public/amsfonts/cm/cmmi7.pfb></usr/share/texmf-dist/fonts/type1/public/amsfonts/cm/cmmi8.pfb></usr/share/texmf-dist/fonts/type1/public/amsfonts/cm/cmr10.pfb></usr/share/texmf-dist/fonts/type1/public/amsfonts/cm/cmr12.pfb></usr/share/texmf-dist/fonts/type1/public/amsfonts/cm/cmr17.pfb></usr/share/texmf-dist/fonts/type1/public/amsfonts/cm/cmr5.pfb></usr/share/texmf-dist/fonts/type1/public/amsfonts/cm/cmr6.pfb></usr/share/texmf-dist/fonts/type1/public/amsfonts/cm/cmr7.pfb></usr/share/texmf-dist/fonts/type1/public/amsfonts/cm/cmr8.pfb></usr/share/texmf-dist/fonts/type1/public/amsfonts/cm/cmsy10.pfb></usr/share/texmf-dist/fonts/type1/public/amsfonts/cm/cmsy7.pfb></usr/share/texmf-dist/fonts/type1/public/amsfonts/cm/cmti10.pfb></usr/share/texmf-dist/fonts/type1/public/amsfonts/cm/cmti9.pfb></usr/share/texmf-dist/fonts/type1/public/amsfonts/cm/cmtt10.pfb></usr/share/texmf-dist/fonts/type1/public/cm-super/sfrm1000.pfb>
Output written on abstract.pdf (4 pages, 420918 bytes).
PDF statistics:
 194 PDF objects out of 1000 (max. 8388607)
 97 compressed objects within 1 object stream
 0 named destinations out of 1000 (max. 500000)
 16 words of extra memory for PDF output out of 10000 (max. 10000000)

